<?xml version="1.0" encoding="UTF-8"?>
<!-- Generated by org.testng.reporters.JUnitReportReporter -->
<testsuite skipped="0" hostname="DESKTOP-6D3FG3E" name="com.qa.testcases.AboutYouPageTest" tests="9" failures="0" timestamp="2021-04-30T09:06:04 CEST" time="47.631" errors="0">
  <testcase name="launchURL" time="7.236" classname="com.qa.testcases.AboutYouPageTest"/>
  <system-out/>
  <testcase name="clickFirstProductAndEnterEmail" time="12.012" classname="com.qa.testcases.AboutYouPageTest"/>
  <system-out/>
  <testcase name="selectBabysClothTypeCategory" time="6.529" classname="com.qa.testcases.AboutYouPageTest"/>
  <system-out/>
  <testcase name="filterForSize" time="2.866" classname="com.qa.testcases.AboutYouPageTest"/>
  <system-out/>
  <testcase name="selectProduct" time="3.892" classname="com.qa.testcases.AboutYouPageTest"/>
  <system-out/>
  <testcase name="selectSizeAndaddProductToCart" time="5.168" classname="com.qa.testcases.AboutYouPageTest"/>
  <system-out/>
  <testcase name="checkOutProduct" time="6.726" classname="com.qa.testcases.AboutYouPageTest"/>
  <system-out/>
  <testcase name="cardTypeForPayment" time="0.560" classname="com.qa.testcases.AboutYouPageTest"/>
  <system-out/>
  <testcase name="cardTypeForPayment" time="2.642" classname="com.qa.testcases.AboutYouPageTest"/>
  <system-out/>
</testsuite> <!-- com.qa.testcases.AboutYouPageTest -->
