<?xml version="1.0" encoding="UTF-8"?>
<!-- Generated by org.testng.reporters.JUnitReportReporter -->
<testsuite skipped="0" hostname="DESKTOP-6D3FG3E" name="com.qa.testcases.AboutYouMainPageTest" tests="9" failures="0" timestamp="2021-04-29T22:57:59 CEST" time="46.674" errors="0">
  <testcase name="launchURL" time="7.796" classname="com.qa.testcases.AboutYouMainPageTest"/>
  <system-out/>
  <testcase name="clickFirstProductAndEnterEmail" time="11.730" classname="com.qa.testcases.AboutYouMainPageTest"/>
  <system-out/>
  <testcase name="selectBabysClothTypeCategory" time="6.895" classname="com.qa.testcases.AboutYouMainPageTest"/>
  <system-out/>
  <testcase name="filterForSize" time="2.959" classname="com.qa.testcases.AboutYouMainPageTest"/>
  <system-out/>
  <testcase name="selectProduct" time="4.080" classname="com.qa.testcases.AboutYouMainPageTest"/>
  <system-out/>
  <testcase name="selectSizeAndaddProductToCart" time="2.292" classname="com.qa.testcases.AboutYouMainPageTest"/>
  <system-out/>
  <testcase name="checkOutProduct" time="7.932" classname="com.qa.testcases.AboutYouMainPageTest"/>
  <system-out/>
  <testcase name="cardTypeForPayment" time="0.343" classname="com.qa.testcases.AboutYouMainPageTest"/>
  <system-out/>
  <testcase name="cardTypeForPayment" time="2.647" classname="com.qa.testcases.AboutYouMainPageTest"/>
  <system-out/>
</testsuite> <!-- com.qa.testcases.AboutYouMainPageTest -->
