<?xml version="1.0" encoding="UTF-8"?>
<!-- Generated by org.testng.reporters.JUnitReportReporter -->
<testsuite skipped="0" hostname="DESKTOP-6D3FG3E" name="com.qa.testcases.AboutYouPageTest" tests="9" failures="0" timestamp="2021-04-29T23:39:25 CEST" time="58.498" errors="0">
  <testcase name="launchURL" time="9.162" classname="com.qa.testcases.AboutYouPageTest"/>
  <system-out/>
  <testcase name="clickFirstProductAndEnterEmail" time="21.512" classname="com.qa.testcases.AboutYouPageTest"/>
  <system-out/>
  <testcase name="selectBabysClothTypeCategory" time="8.197" classname="com.qa.testcases.AboutYouPageTest"/>
  <system-out/>
  <testcase name="filterForSize" time="2.964" classname="com.qa.testcases.AboutYouPageTest"/>
  <system-out/>
  <testcase name="selectProduct" time="4.031" classname="com.qa.testcases.AboutYouPageTest"/>
  <system-out/>
  <testcase name="selectSizeAndaddProductToCart" time="1.796" classname="com.qa.testcases.AboutYouPageTest"/>
  <system-out/>
  <testcase name="checkOutProduct" time="7.486" classname="com.qa.testcases.AboutYouPageTest"/>
  <system-out/>
  <testcase name="cardTypeForPayment" time="0.459" classname="com.qa.testcases.AboutYouPageTest"/>
  <system-out/>
  <testcase name="cardTypeForPayment" time="2.891" classname="com.qa.testcases.AboutYouPageTest"/>
  <system-out/>
</testsuite> <!-- com.qa.testcases.AboutYouPageTest -->
