<?xml version="1.0" encoding="UTF-8"?>
<!-- Generated by org.testng.reporters.JUnitReportReporter -->
<testsuite skipped="0" hostname="DESKTOP-6D3FG3E" name="com.qa.testcases.AboutYouPageTest" tests="9" failures="0" timestamp="2021-04-30T09:15:18 CEST" time="45.225" errors="0">
  <testcase name="launchURL" time="7.143" classname="com.qa.testcases.AboutYouPageTest"/>
  <system-out/>
  <testcase name="clickFirstProductAndEnterEmail" time="10.847" classname="com.qa.testcases.AboutYouPageTest"/>
  <system-out/>
  <testcase name="selectBabysClothTypeCategory" time="6.058" classname="com.qa.testcases.AboutYouPageTest"/>
  <system-out/>
  <testcase name="filterForSize" time="2.913" classname="com.qa.testcases.AboutYouPageTest"/>
  <system-out/>
  <testcase name="selectProduct" time="3.674" classname="com.qa.testcases.AboutYouPageTest"/>
  <system-out/>
  <testcase name="selectSizeAndaddProductToCart" time="4.917" classname="com.qa.testcases.AboutYouPageTest"/>
  <system-out/>
  <testcase name="checkOutProduct" time="6.119" classname="com.qa.testcases.AboutYouPageTest"/>
  <system-out/>
  <testcase name="cardTypeForPayment" time="0.538" classname="com.qa.testcases.AboutYouPageTest"/>
  <system-out/>
  <testcase name="cardTypeForPayment" time="3.016" classname="com.qa.testcases.AboutYouPageTest"/>
  <system-out/>
</testsuite> <!-- com.qa.testcases.AboutYouPageTest -->
